### 58 succed loads from param file parameters_1.10.txt. ###
---------------------------Checking Input Parameters---------------------------
rdseed excutable:	/projects/life9360/software/rdseedv5.3.1/rdseed
evalresp excutable:	/home/life9360/software/evalresp-3.3.3/evalresp
station list:		station_test.lst
seed list:		seed.lst
channel list 1 info:	BHE BH1 HHE HH1 
channel list 2 info:	BHN BH2 HHN HH2 
channel list 2 info:	BHZ HHZ 
target sampling rate:	1
max gap fraction:	20%
cutting begining:	1000sec
time-rec length:	84000sec
signal per band:	5 - 80sec
t-norm method:		Running average
Eqk filter:		off
t-len for run-avg:	40
t-len for whitening:	0.0002  
cor-time-len correction	on
prcsr-signal checking	off
memory fraction:	60%
cor lag time:		3000sec
min time len:		20000sec
Delete orig sacs?	No
Delete am&ph files?	No
ExtractSac()		overwrite if target file exists
RmRESP()		overwrite if target file exists
TempSpecNorm()		overwrite if target file exists
CrossCorr()		overwrite if target file exists
CC Output: 		monthly + daily
Stack all data.
-------------------------------Checking completed-------------------------------
Continue?  Seedlist::Load: 1341 seeds loaded
Stationlist::Load: 2 stations loaded
Channellist::Load: 10 channels loaded ( BHE BH1 HHE HH1 BHN BH2 HHN HH2 BHZ HHZ )
INFO (main thread0): Estimated total memory = 23331.847656 Mb	[Fri, Dec 11, 2015  14:35:44.31] {logs_Seed2Cor_Test}
