2013_1_1.seed 2013 1 1
2013_1_2.seed 2013 1 2
2013_1_3.seed 2013 1 3
2013_1_4.seed 2013 1 4
2013_1_5.seed 2013 1 5
2013_1_6.seed 2013 1 6
2013_1_7.seed 2013 1 7
2013_1_8.seed 2013 1 8
2013_1_9.seed 2013 1 9
2013_1_10.seed 2013 1 10
2013_1_11.seed 2013 1 11
2013_1_12.seed 2013 1 12
2013_1_13.seed 2013 1 13
2013_1_14.seed 2013 1 14
2013_1_15.seed 2013 1 15
2013_1_16.seed 2013 1 16
2013_1_17.seed 2013 1 17
2013_1_18.seed 2013 1 18
2013_1_19.seed 2013 1 19
2013_1_20.seed 2013 1 20
2013_1_21.seed 2013 1 21
2013_1_22.seed 2013 1 22
2013_1_23.seed 2013 1 23
2013_1_24.seed 2013 1 24
2013_1_25.seed 2013 1 25
2013_1_26.seed 2013 1 26
2013_1_27.seed 2013 1 27
2013_1_28.seed 2013 1 28
2013_1_29.seed 2013 1 29
2013_1_30.seed 2013 1 30
2013_1_31.seed 2013 1 31
2013_2_1.seed 2013 2 1
2013_2_2.seed 2013 2 2
2013_2_3.seed 2013 2 3
2013_2_4.seed 2013 2 4
2013_2_5.seed 2013 2 5
2013_2_6.seed 2013 2 6
2013_2_7.seed 2013 2 7
2013_2_8.seed 2013 2 8
2013_2_9.seed 2013 2 9
2013_2_10.seed 2013 2 10
2013_2_11.seed 2013 2 11
2013_2_12.seed 2013 2 12
2013_2_13.seed 2013 2 13
2013_2_14.seed 2013 2 14
2013_2_15.seed 2013 2 15
2013_2_16.seed 2013 2 16
2013_2_17.seed 2013 2 17
2013_2_18.seed 2013 2 18
2013_2_19.seed 2013 2 19
2013_2_20.seed 2013 2 20
2013_2_21.seed 2013 2 21
2013_2_22.seed 2013 2 22
2013_2_23.seed 2013 2 23
2013_2_24.seed 2013 2 24
2013_2_25.seed 2013 2 25
2013_2_26.seed 2013 2 26
2013_2_27.seed 2013 2 27
2013_2_28.seed 2013 2 28
2013_3_1.seed 2013 3 1
2013_3_2.seed 2013 3 2
2013_3_3.seed 2013 3 3
2013_3_4.seed 2013 3 4
2013_3_5.seed 2013 3 5
2013_3_6.seed 2013 3 6
2013_3_7.seed 2013 3 7
2013_3_8.seed 2013 3 8
2013_3_9.seed 2013 3 9
2013_3_10.seed 2013 3 10
2013_3_11.seed 2013 3 11
2013_3_12.seed 2013 3 12
2013_3_13.seed 2013 3 13
2013_3_14.seed 2013 3 14
2013_3_15.seed 2013 3 15
2013_3_16.seed 2013 3 16
2013_3_17.seed 2013 3 17
2013_3_18.seed 2013 3 18
2013_3_19.seed 2013 3 19
2013_3_20.seed 2013 3 20
2013_3_21.seed 2013 3 21
2013_3_22.seed 2013 3 22
2013_3_23.seed 2013 3 23
2013_3_24.seed 2013 3 24
2013_3_25.seed 2013 3 25
2013_3_26.seed 2013 3 26
2013_3_27.seed 2013 3 27
2013_3_28.seed 2013 3 28
2013_3_29.seed 2013 3 29
2013_3_30.seed 2013 3 30
2013_3_31.seed 2013 3 31
2013_4_1.seed 2013 4 1
2013_4_2.seed 2013 4 2
2013_4_3.seed 2013 4 3
2013_4_4.seed 2013 4 4
2013_4_5.seed 2013 4 5
2013_4_6.seed 2013 4 6
2013_4_7.seed 2013 4 7
2013_4_8.seed 2013 4 8
2013_4_9.seed 2013 4 9
2013_4_10.seed 2013 4 10
2013_4_11.seed 2013 4 11
2013_4_12.seed 2013 4 12
2013_4_13.seed 2013 4 13
2013_4_14.seed 2013 4 14
2013_4_15.seed 2013 4 15
2013_4_16.seed 2013 4 16
2013_4_17.seed 2013 4 17
2013_4_18.seed 2013 4 18
2013_4_19.seed 2013 4 19
2013_4_20.seed 2013 4 20
2013_4_21.seed 2013 4 21
2013_4_22.seed 2013 4 22
2013_4_23.seed 2013 4 23
2013_4_24.seed 2013 4 24
2013_4_25.seed 2013 4 25
2013_4_26.seed 2013 4 26
2013_4_27.seed 2013 4 27
2013_4_28.seed 2013 4 28
2013_4_29.seed 2013 4 29
2013_4_30.seed 2013 4 30
2013_5_1.seed 2013 5 1
2013_5_2.seed 2013 5 2
2013_5_3.seed 2013 5 3
2013_5_4.seed 2013 5 4
2013_5_5.seed 2013 5 5
2013_5_6.seed 2013 5 6
2013_5_7.seed 2013 5 7
2013_5_8.seed 2013 5 8
2013_5_9.seed 2013 5 9
2013_5_10.seed 2013 5 10
2013_5_11.seed 2013 5 11
2013_5_12.seed 2013 5 12
2013_5_13.seed 2013 5 13
2013_5_14.seed 2013 5 14
2013_5_15.seed 2013 5 15
2013_5_16.seed 2013 5 16
2013_5_17.seed 2013 5 17
2013_5_18.seed 2013 5 18
2013_5_19.seed 2013 5 19
2013_5_20.seed 2013 5 20
2013_5_21.seed 2013 5 21
2013_5_22.seed 2013 5 22
2013_5_23.seed 2013 5 23
2013_5_24.seed 2013 5 24
2013_5_25.seed 2013 5 25
2013_5_26.seed 2013 5 26
2013_5_27.seed 2013 5 27
2013_5_28.seed 2013 5 28
2013_5_29.seed 2013 5 29
2013_5_30.seed 2013 5 30
2013_5_31.seed 2013 5 31
2013_6_1.seed 2013 6 1
2013_6_2.seed 2013 6 2
2013_6_3.seed 2013 6 3
2013_6_4.seed 2013 6 4
2013_6_5.seed 2013 6 5
2013_6_6.seed 2013 6 6
2013_6_7.seed 2013 6 7
2013_6_8.seed 2013 6 8
2013_6_9.seed 2013 6 9
2013_6_10.seed 2013 6 10
2013_6_11.seed 2013 6 11
2013_6_12.seed 2013 6 12
2013_6_13.seed 2013 6 13
2013_6_14.seed 2013 6 14
2013_6_15.seed 2013 6 15
2013_6_16.seed 2013 6 16
2013_6_17.seed 2013 6 17
2013_6_18.seed 2013 6 18
2013_6_19.seed 2013 6 19
2013_6_20.seed 2013 6 20
2013_6_21.seed 2013 6 21
2013_6_22.seed 2013 6 22
2013_6_23.seed 2013 6 23
2013_6_24.seed 2013 6 24
2013_6_25.seed 2013 6 25
2013_6_26.seed 2013 6 26
2013_6_27.seed 2013 6 27
2013_6_28.seed 2013 6 28
2013_6_29.seed 2013 6 29
2013_6_30.seed 2013 6 30
2013_7_1.seed 2013 7 1
2013_7_2.seed 2013 7 2
2013_7_3.seed 2013 7 3
2013_7_4.seed 2013 7 4
2013_7_5.seed 2013 7 5
2013_7_6.seed 2013 7 6
2013_7_7.seed 2013 7 7
2013_7_8.seed 2013 7 8
2013_7_9.seed 2013 7 9
2013_7_10.seed 2013 7 10
2013_7_11.seed 2013 7 11
2013_7_12.seed 2013 7 12
2013_7_13.seed 2013 7 13
2013_7_14.seed 2013 7 14
2013_7_15.seed 2013 7 15
2013_7_16.seed 2013 7 16
2013_7_17.seed 2013 7 17
2013_7_18.seed 2013 7 18
2013_7_19.seed 2013 7 19
2013_7_20.seed 2013 7 20
2013_7_21.seed 2013 7 21
2013_7_22.seed 2013 7 22
2013_7_23.seed 2013 7 23
2013_7_24.seed 2013 7 24
2013_7_25.seed 2013 7 25
2013_7_26.seed 2013 7 26
2013_7_27.seed 2013 7 27
2013_7_28.seed 2013 7 28
2013_7_29.seed 2013 7 29
2013_7_30.seed 2013 7 30
2013_7_31.seed 2013 7 31
2013_8_1.seed 2013 8 1
2013_8_2.seed 2013 8 2
2013_8_3.seed 2013 8 3
2013_8_4.seed 2013 8 4
2013_8_5.seed 2013 8 5
2013_8_6.seed 2013 8 6
2013_8_7.seed 2013 8 7
2013_8_8.seed 2013 8 8
2013_8_9.seed 2013 8 9
2013_8_10.seed 2013 8 10
2013_8_11.seed 2013 8 11
2013_8_12.seed 2013 8 12
2013_8_13.seed 2013 8 13
2013_8_14.seed 2013 8 14
2013_8_15.seed 2013 8 15
2013_8_16.seed 2013 8 16
2013_8_17.seed 2013 8 17
2013_8_18.seed 2013 8 18
2013_8_19.seed 2013 8 19
2013_8_20.seed 2013 8 20
2013_8_21.seed 2013 8 21
2013_8_22.seed 2013 8 22
2013_8_23.seed 2013 8 23
2013_8_24.seed 2013 8 24
2013_8_25.seed 2013 8 25
2013_8_26.seed 2013 8 26
2013_8_27.seed 2013 8 27
2013_8_28.seed 2013 8 28
2013_8_29.seed 2013 8 29
2013_8_30.seed 2013 8 30
2013_8_31.seed 2013 8 31
2013_9_1.seed 2013 9 1
2013_9_2.seed 2013 9 2
2013_9_3.seed 2013 9 3
2013_9_4.seed 2013 9 4
2013_9_5.seed 2013 9 5
2013_9_6.seed 2013 9 6
2013_9_7.seed 2013 9 7
2013_9_8.seed 2013 9 8
2013_9_9.seed 2013 9 9
2013_9_10.seed 2013 9 10
2013_9_11.seed 2013 9 11
2013_9_12.seed 2013 9 12
2013_9_13.seed 2013 9 13
2013_9_14.seed 2013 9 14
2013_9_15.seed 2013 9 15
2013_9_16.seed 2013 9 16
2013_9_17.seed 2013 9 17
2013_9_18.seed 2013 9 18
2013_9_19.seed 2013 9 19
2013_9_20.seed 2013 9 20
2013_9_21.seed 2013 9 21
2013_9_22.seed 2013 9 22
2013_9_23.seed 2013 9 23
2013_9_24.seed 2013 9 24
2013_9_25.seed 2013 9 25
2013_9_26.seed 2013 9 26
2013_9_27.seed 2013 9 27
2013_9_28.seed 2013 9 28
2013_9_29.seed 2013 9 29
2013_9_30.seed 2013 9 30
2013_10_1.seed 2013 10 1
2013_10_2.seed 2013 10 2
2013_10_3.seed 2013 10 3
2013_10_4.seed 2013 10 4
2013_10_5.seed 2013 10 5
2013_10_6.seed 2013 10 6
2013_10_7.seed 2013 10 7
2013_10_8.seed 2013 10 8
2013_10_9.seed 2013 10 9
2013_10_10.seed 2013 10 10
2013_10_11.seed 2013 10 11
2013_10_12.seed 2013 10 12
2013_10_13.seed 2013 10 13
2013_10_14.seed 2013 10 14
2013_10_15.seed 2013 10 15
2013_10_16.seed 2013 10 16
2013_10_17.seed 2013 10 17
2013_10_18.seed 2013 10 18
2013_10_19.seed 2013 10 19
2013_10_20.seed 2013 10 20
2013_10_21.seed 2013 10 21
2013_10_22.seed 2013 10 22
2013_10_23.seed 2013 10 23
2013_10_24.seed 2013 10 24
2013_10_25.seed 2013 10 25
2013_10_26.seed 2013 10 26
2013_10_27.seed 2013 10 27
2013_10_28.seed 2013 10 28
2013_10_29.seed 2013 10 29
2013_10_30.seed 2013 10 30
2013_10_31.seed 2013 10 31
2013_11_1.seed 2013 11 1
2013_11_2.seed 2013 11 2
2013_11_3.seed 2013 11 3
2013_11_4.seed 2013 11 4
2013_11_5.seed 2013 11 5
2013_11_6.seed 2013 11 6
2013_11_7.seed 2013 11 7
2013_11_8.seed 2013 11 8
2013_11_9.seed 2013 11 9
2013_11_10.seed 2013 11 10
2013_11_11.seed 2013 11 11
2013_11_12.seed 2013 11 12
2013_11_13.seed 2013 11 13
2013_11_14.seed 2013 11 14
2013_11_15.seed 2013 11 15
2013_11_16.seed 2013 11 16
2013_11_17.seed 2013 11 17
2013_11_18.seed 2013 11 18
2013_11_19.seed 2013 11 19
2013_11_20.seed 2013 11 20
2013_11_21.seed 2013 11 21
2013_11_22.seed 2013 11 22
2013_11_23.seed 2013 11 23
2013_11_24.seed 2013 11 24
2013_11_25.seed 2013 11 25
2013_11_26.seed 2013 11 26
2013_11_27.seed 2013 11 27
2013_11_28.seed 2013 11 28
2013_11_29.seed 2013 11 29
2013_11_30.seed 2013 11 30
2013_12_1.seed 2013 12 1
2013_12_2.seed 2013 12 2
2013_12_3.seed 2013 12 3
2013_12_4.seed 2013 12 4
2013_12_5.seed 2013 12 5
2013_12_6.seed 2013 12 6
2013_12_7.seed 2013 12 7
2013_12_8.seed 2013 12 8
2013_12_9.seed 2013 12 9
2013_12_10.seed 2013 12 10
2013_12_11.seed 2013 12 11
2013_12_12.seed 2013 12 12
2013_12_13.seed 2013 12 13
2013_12_14.seed 2013 12 14
2013_12_15.seed 2013 12 15
2013_12_16.seed 2013 12 16
2013_12_17.seed 2013 12 17
2013_12_18.seed 2013 12 18
2013_12_19.seed 2013 12 19
2013_12_20.seed 2013 12 20
2013_12_21.seed 2013 12 21
2013_12_22.seed 2013 12 22
2013_12_23.seed 2013 12 23
2013_12_24.seed 2013 12 24
2013_12_25.seed 2013 12 25
2013_12_26.seed 2013 12 26
2013_12_27.seed 2013 12 27
2013_12_28.seed 2013 12 28
2013_12_29.seed 2013 12 29
2013_12_30.seed 2013 12 30
2013_12_31.seed 2013 12 31
2014_1_1.seed 2014 1 1
2014_1_2.seed 2014 1 2
2014_1_3.seed 2014 1 3
2014_1_4.seed 2014 1 4
2014_1_5.seed 2014 1 5
2014_1_6.seed 2014 1 6
2014_1_7.seed 2014 1 7
2014_1_8.seed 2014 1 8
2014_1_9.seed 2014 1 9
2014_1_10.seed 2014 1 10
2014_1_11.seed 2014 1 11
2014_1_12.seed 2014 1 12
2014_1_13.seed 2014 1 13
2014_1_14.seed 2014 1 14
2014_1_15.seed 2014 1 15
2014_1_16.seed 2014 1 16
2014_1_17.seed 2014 1 17
2014_1_18.seed 2014 1 18
2014_1_19.seed 2014 1 19
2014_1_20.seed 2014 1 20
2014_1_21.seed 2014 1 21
2014_1_22.seed 2014 1 22
2014_1_23.seed 2014 1 23
2014_1_24.seed 2014 1 24
2014_1_25.seed 2014 1 25
2014_1_26.seed 2014 1 26
2014_1_27.seed 2014 1 27
2014_1_28.seed 2014 1 28
2014_1_29.seed 2014 1 29
2014_1_30.seed 2014 1 30
2014_1_31.seed 2014 1 31
2014_2_1.seed 2014 2 1
2014_2_2.seed 2014 2 2
2014_2_3.seed 2014 2 3
2014_2_4.seed 2014 2 4
2014_2_5.seed 2014 2 5
2014_2_6.seed 2014 2 6
2014_2_7.seed 2014 2 7
2014_2_8.seed 2014 2 8
2014_2_9.seed 2014 2 9
2014_2_10.seed 2014 2 10
2014_2_11.seed 2014 2 11
2014_2_12.seed 2014 2 12
2014_2_13.seed 2014 2 13
2014_2_14.seed 2014 2 14
2014_2_15.seed 2014 2 15
2014_2_16.seed 2014 2 16
2014_2_17.seed 2014 2 17
2014_2_18.seed 2014 2 18
2014_2_19.seed 2014 2 19
2014_2_20.seed 2014 2 20
2014_2_21.seed 2014 2 21
2014_2_22.seed 2014 2 22
2014_2_23.seed 2014 2 23
2014_2_24.seed 2014 2 24
2014_2_25.seed 2014 2 25
2014_2_26.seed 2014 2 26
2014_2_27.seed 2014 2 27
2014_2_28.seed 2014 2 28
2014_3_1.seed 2014 3 1
2014_3_2.seed 2014 3 2
2014_3_3.seed 2014 3 3
2014_3_4.seed 2014 3 4
2014_3_5.seed 2014 3 5
2014_3_6.seed 2014 3 6
2014_3_7.seed 2014 3 7
2014_3_8.seed 2014 3 8
2014_3_9.seed 2014 3 9
2014_3_10.seed 2014 3 10
2014_3_11.seed 2014 3 11
2014_3_12.seed 2014 3 12
2014_3_13.seed 2014 3 13
2014_3_14.seed 2014 3 14
2014_3_15.seed 2014 3 15
2014_3_16.seed 2014 3 16
2014_3_17.seed 2014 3 17
2014_3_18.seed 2014 3 18
2014_3_19.seed 2014 3 19
2014_3_20.seed 2014 3 20
2014_3_21.seed 2014 3 21
2014_3_22.seed 2014 3 22
2014_3_23.seed 2014 3 23
2014_3_24.seed 2014 3 24
2014_3_25.seed 2014 3 25
2014_3_26.seed 2014 3 26
2014_3_27.seed 2014 3 27
2014_3_28.seed 2014 3 28
2014_3_29.seed 2014 3 29
2014_3_30.seed 2014 3 30
2014_3_31.seed 2014 3 31
2014_4_1.seed 2014 4 1
2014_4_2.seed 2014 4 2
2014_4_3.seed 2014 4 3
2014_4_4.seed 2014 4 4
2014_4_5.seed 2014 4 5
2014_4_6.seed 2014 4 6
2014_4_7.seed 2014 4 7
2014_4_8.seed 2014 4 8
2014_4_9.seed 2014 4 9
2014_4_10.seed 2014 4 10
2014_4_11.seed 2014 4 11
2014_4_12.seed 2014 4 12
2014_4_13.seed 2014 4 13
2014_4_14.seed 2014 4 14
2014_4_15.seed 2014 4 15
2014_4_16.seed 2014 4 16
2014_4_17.seed 2014 4 17
2014_4_18.seed 2014 4 18
2014_4_19.seed 2014 4 19
2014_4_20.seed 2014 4 20
2014_4_21.seed 2014 4 21
2014_4_22.seed 2014 4 22
2014_4_23.seed 2014 4 23
2014_4_24.seed 2014 4 24
2014_4_25.seed 2014 4 25
2014_4_26.seed 2014 4 26
2014_4_27.seed 2014 4 27
2014_4_28.seed 2014 4 28
2014_4_29.seed 2014 4 29
2014_4_30.seed 2014 4 30
2014_5_1.seed 2014 5 1
2014_5_2.seed 2014 5 2
2014_5_3.seed 2014 5 3
2014_5_4.seed 2014 5 4
2014_5_5.seed 2014 5 5
2014_5_6.seed 2014 5 6
2014_5_7.seed 2014 5 7
2014_5_8.seed 2014 5 8
2014_5_9.seed 2014 5 9
2014_5_10.seed 2014 5 10
2014_5_11.seed 2014 5 11
2014_5_12.seed 2014 5 12
2014_5_13.seed 2014 5 13
2014_5_14.seed 2014 5 14
2014_5_15.seed 2014 5 15
2014_5_16.seed 2014 5 16
2014_5_17.seed 2014 5 17
2014_5_18.seed 2014 5 18
2014_5_19.seed 2014 5 19
2014_5_20.seed 2014 5 20
2014_5_21.seed 2014 5 21
2014_5_22.seed 2014 5 22
2014_5_23.seed 2014 5 23
2014_5_24.seed 2014 5 24
2014_5_25.seed 2014 5 25
2014_5_26.seed 2014 5 26
2014_5_27.seed 2014 5 27
2014_5_28.seed 2014 5 28
2014_5_29.seed 2014 5 29
2014_5_30.seed 2014 5 30
2014_5_31.seed 2014 5 31
2014_6_1.seed 2014 6 1
2014_6_2.seed 2014 6 2
2014_6_3.seed 2014 6 3
2014_6_4.seed 2014 6 4
2014_6_5.seed 2014 6 5
2014_6_6.seed 2014 6 6
2014_6_7.seed 2014 6 7
2014_6_8.seed 2014 6 8
2014_6_9.seed 2014 6 9
2014_6_10.seed 2014 6 10
2014_6_11.seed 2014 6 11
2014_6_12.seed 2014 6 12
2014_6_13.seed 2014 6 13
2014_6_14.seed 2014 6 14
2014_6_15.seed 2014 6 15
2014_6_16.seed 2014 6 16
2014_6_17.seed 2014 6 17
2014_6_18.seed 2014 6 18
2014_6_19.seed 2014 6 19
2014_6_20.seed 2014 6 20
2014_6_21.seed 2014 6 21
2014_6_22.seed 2014 6 22
2014_6_23.seed 2014 6 23
2014_6_24.seed 2014 6 24
2014_6_25.seed 2014 6 25
2014_6_26.seed 2014 6 26
2014_6_27.seed 2014 6 27
2014_6_28.seed 2014 6 28
2014_6_29.seed 2014 6 29
2014_6_30.seed 2014 6 30
2014_7_1.seed 2014 7 1
2014_7_2.seed 2014 7 2
2014_7_3.seed 2014 7 3
2014_7_4.seed 2014 7 4
2014_7_5.seed 2014 7 5
2014_7_6.seed 2014 7 6
2014_7_7.seed 2014 7 7
2014_7_8.seed 2014 7 8
2014_7_9.seed 2014 7 9
2014_7_10.seed 2014 7 10
2014_7_11.seed 2014 7 11
2014_7_12.seed 2014 7 12
2014_7_13.seed 2014 7 13
2014_7_14.seed 2014 7 14
2014_7_15.seed 2014 7 15
2014_7_16.seed 2014 7 16
2014_7_17.seed 2014 7 17
2014_7_18.seed 2014 7 18
2014_7_19.seed 2014 7 19
2014_7_20.seed 2014 7 20
2014_7_21.seed 2014 7 21
2014_7_22.seed 2014 7 22
2014_7_23.seed 2014 7 23
2014_7_24.seed 2014 7 24
2014_7_25.seed 2014 7 25
2014_7_26.seed 2014 7 26
2014_7_27.seed 2014 7 27
2014_7_28.seed 2014 7 28
2014_7_29.seed 2014 7 29
2014_7_30.seed 2014 7 30
2014_7_31.seed 2014 7 31
2014_8_1.seed 2014 8 1
2014_8_2.seed 2014 8 2
2014_8_3.seed 2014 8 3
2014_8_4.seed 2014 8 4
2014_8_5.seed 2014 8 5
2014_8_6.seed 2014 8 6
2014_8_7.seed 2014 8 7
2014_8_8.seed 2014 8 8
2014_8_9.seed 2014 8 9
2014_8_10.seed 2014 8 10
2014_8_11.seed 2014 8 11
2014_8_12.seed 2014 8 12
2014_8_13.seed 2014 8 13
2014_8_14.seed 2014 8 14
2014_8_15.seed 2014 8 15
2014_8_16.seed 2014 8 16
2014_8_17.seed 2014 8 17
2014_8_18.seed 2014 8 18
2014_8_19.seed 2014 8 19
2014_8_20.seed 2014 8 20
2014_8_21.seed 2014 8 21
2014_8_22.seed 2014 8 22
2014_8_23.seed 2014 8 23
2014_8_24.seed 2014 8 24
2014_8_25.seed 2014 8 25
2014_8_26.seed 2014 8 26
2014_8_27.seed 2014 8 27
2014_8_28.seed 2014 8 28
2014_8_29.seed 2014 8 29
2014_8_30.seed 2014 8 30
2014_8_31.seed 2014 8 31
2014_9_1.seed 2014 9 1
2014_9_2.seed 2014 9 2
2014_9_3.seed 2014 9 3
2014_9_4.seed 2014 9 4
2014_9_5.seed 2014 9 5
2014_9_6.seed 2014 9 6
2014_9_7.seed 2014 9 7
2014_9_8.seed 2014 9 8
2014_9_9.seed 2014 9 9
2014_9_10.seed 2014 9 10
2014_9_11.seed 2014 9 11
2014_9_12.seed 2014 9 12
2014_9_13.seed 2014 9 13
2014_9_14.seed 2014 9 14
2014_9_15.seed 2014 9 15
2014_9_16.seed 2014 9 16
2014_9_17.seed 2014 9 17
2014_9_18.seed 2014 9 18
2014_9_19.seed 2014 9 19
2014_9_20.seed 2014 9 20
2014_9_21.seed 2014 9 21
2014_9_22.seed 2014 9 22
2014_9_23.seed 2014 9 23
2014_9_24.seed 2014 9 24
2014_9_25.seed 2014 9 25
2014_9_26.seed 2014 9 26
2014_9_27.seed 2014 9 27
2014_9_28.seed 2014 9 28
2014_9_29.seed 2014 9 29
2014_9_30.seed 2014 9 30
2014_10_1.seed 2014 10 1
2014_10_2.seed 2014 10 2
2014_10_3.seed 2014 10 3
2014_10_4.seed 2014 10 4
2014_10_5.seed 2014 10 5
2014_10_6.seed 2014 10 6
2014_10_7.seed 2014 10 7
2014_10_8.seed 2014 10 8
2014_10_9.seed 2014 10 9
2014_10_10.seed 2014 10 10
2014_10_11.seed 2014 10 11
2014_10_12.seed 2014 10 12
2014_10_13.seed 2014 10 13
2014_10_14.seed 2014 10 14
2014_10_15.seed 2014 10 15
2014_10_16.seed 2014 10 16
2014_10_17.seed 2014 10 17
2014_10_18.seed 2014 10 18
2014_10_19.seed 2014 10 19
2014_10_20.seed 2014 10 20
2014_10_21.seed 2014 10 21
2014_10_22.seed 2014 10 22
2014_10_23.seed 2014 10 23
2014_10_24.seed 2014 10 24
2014_10_25.seed 2014 10 25
2014_10_26.seed 2014 10 26
2014_10_27.seed 2014 10 27
2014_10_28.seed 2014 10 28
2014_10_29.seed 2014 10 29
2014_10_30.seed 2014 10 30
2014_10_31.seed 2014 10 31
2014_11_1.seed 2014 11 1
2014_11_2.seed 2014 11 2
2014_11_3.seed 2014 11 3
2014_11_4.seed 2014 11 4
2014_11_5.seed 2014 11 5
2014_11_6.seed 2014 11 6
2014_11_7.seed 2014 11 7
2014_11_8.seed 2014 11 8
2014_11_9.seed 2014 11 9
2014_11_10.seed 2014 11 10
2014_11_11.seed 2014 11 11
2014_11_12.seed 2014 11 12
2014_11_13.seed 2014 11 13
2014_11_14.seed 2014 11 14
2014_11_15.seed 2014 11 15
2014_11_16.seed 2014 11 16
2014_11_17.seed 2014 11 17
2014_11_18.seed 2014 11 18
2014_11_19.seed 2014 11 19
2014_11_20.seed 2014 11 20
2014_11_21.seed 2014 11 21
2014_11_22.seed 2014 11 22
2014_11_23.seed 2014 11 23
2014_11_24.seed 2014 11 24
2014_11_25.seed 2014 11 25
2014_11_26.seed 2014 11 26
2014_11_27.seed 2014 11 27
2014_11_28.seed 2014 11 28
2014_11_29.seed 2014 11 29
2014_11_30.seed 2014 11 30
2014_12_1.seed 2014 12 1
2014_12_2.seed 2014 12 2
2014_12_3.seed 2014 12 3
2014_12_4.seed 2014 12 4
2014_12_5.seed 2014 12 5
2014_12_6.seed 2014 12 6
2014_12_7.seed 2014 12 7
2014_12_8.seed 2014 12 8
2014_12_9.seed 2014 12 9
2014_12_10.seed 2014 12 10
2014_12_11.seed 2014 12 11
2014_12_12.seed 2014 12 12
2014_12_13.seed 2014 12 13
2014_12_14.seed 2014 12 14
2014_12_15.seed 2014 12 15
2014_12_16.seed 2014 12 16
2014_12_17.seed 2014 12 17
2014_12_18.seed 2014 12 18
2014_12_19.seed 2014 12 19
2014_12_20.seed 2014 12 20
2014_12_21.seed 2014 12 21
2014_12_22.seed 2014 12 22
2014_12_23.seed 2014 12 23
2014_12_24.seed 2014 12 24
2014_12_25.seed 2014 12 25
2014_12_26.seed 2014 12 26
2014_12_27.seed 2014 12 27
2014_12_28.seed 2014 12 28
2014_12_29.seed 2014 12 29
2014_12_30.seed 2014 12 30
2014_12_31.seed 2014 12 31
2015_1_1.seed 2015 1 1
2015_1_2.seed 2015 1 2
2015_1_3.seed 2015 1 3
2015_1_4.seed 2015 1 4
2015_1_5.seed 2015 1 5
2015_1_6.seed 2015 1 6
2015_1_7.seed 2015 1 7
2015_1_8.seed 2015 1 8
2015_1_9.seed 2015 1 9
2015_1_10.seed 2015 1 10
2015_1_11.seed 2015 1 11
2015_1_12.seed 2015 1 12
2015_1_13.seed 2015 1 13
2015_1_14.seed 2015 1 14
2015_1_15.seed 2015 1 15
2015_1_16.seed 2015 1 16
2015_1_17.seed 2015 1 17
2015_1_18.seed 2015 1 18
2015_1_19.seed 2015 1 19
2015_1_20.seed 2015 1 20
2015_1_21.seed 2015 1 21
2015_1_22.seed 2015 1 22
2015_1_23.seed 2015 1 23
2015_1_24.seed 2015 1 24
2015_1_25.seed 2015 1 25
2015_1_26.seed 2015 1 26
2015_1_27.seed 2015 1 27
2015_1_28.seed 2015 1 28
2015_1_29.seed 2015 1 29
2015_1_30.seed 2015 1 30
2015_1_31.seed 2015 1 31
2015_2_1.seed 2015 2 1
2015_2_2.seed 2015 2 2
2015_2_3.seed 2015 2 3
2015_2_4.seed 2015 2 4
2015_2_5.seed 2015 2 5
2015_2_6.seed 2015 2 6
2015_2_7.seed 2015 2 7
2015_2_8.seed 2015 2 8
2015_2_9.seed 2015 2 9
2015_2_10.seed 2015 2 10
2015_2_11.seed 2015 2 11
2015_2_12.seed 2015 2 12
2015_2_13.seed 2015 2 13
2015_2_14.seed 2015 2 14
2015_2_15.seed 2015 2 15
2015_2_16.seed 2015 2 16
2015_2_17.seed 2015 2 17
2015_2_18.seed 2015 2 18
2015_2_19.seed 2015 2 19
2015_2_20.seed 2015 2 20
2015_2_21.seed 2015 2 21
2015_2_22.seed 2015 2 22
2015_2_23.seed 2015 2 23
2015_2_24.seed 2015 2 24
2015_2_25.seed 2015 2 25
2015_2_26.seed 2015 2 26
2015_2_27.seed 2015 2 27
2015_2_28.seed 2015 2 28
2015_3_1.seed 2015 3 1
2015_3_2.seed 2015 3 2
2015_3_3.seed 2015 3 3
2015_3_4.seed 2015 3 4
2015_3_5.seed 2015 3 5
2015_3_6.seed 2015 3 6
2015_3_7.seed 2015 3 7
2015_3_8.seed 2015 3 8
2015_3_9.seed 2015 3 9
2015_3_10.seed 2015 3 10
2015_3_11.seed 2015 3 11
2015_3_12.seed 2015 3 12
2015_3_13.seed 2015 3 13
2015_3_14.seed 2015 3 14
2015_3_15.seed 2015 3 15
2015_3_16.seed 2015 3 16
2015_3_17.seed 2015 3 17
2015_3_18.seed 2015 3 18
2015_3_19.seed 2015 3 19
2015_3_20.seed 2015 3 20
2015_3_21.seed 2015 3 21
2015_3_22.seed 2015 3 22
2015_3_23.seed 2015 3 23
2015_3_24.seed 2015 3 24
2015_3_25.seed 2015 3 25
2015_3_26.seed 2015 3 26
2015_3_27.seed 2015 3 27
2015_3_28.seed 2015 3 28
2015_3_29.seed 2015 3 29
2015_3_30.seed 2015 3 30
2015_3_31.seed 2015 3 31
2015_4_1.seed 2015 4 1
2015_4_2.seed 2015 4 2
2015_4_3.seed 2015 4 3
2015_4_4.seed 2015 4 4
2015_4_5.seed 2015 4 5
2015_4_6.seed 2015 4 6
2015_4_7.seed 2015 4 7
2015_4_8.seed 2015 4 8
2015_4_9.seed 2015 4 9
2015_4_10.seed 2015 4 10
2015_4_11.seed 2015 4 11
2015_4_12.seed 2015 4 12
2015_4_13.seed 2015 4 13
2015_4_14.seed 2015 4 14
2015_4_15.seed 2015 4 15
2015_4_16.seed 2015 4 16
2015_4_17.seed 2015 4 17
2015_4_18.seed 2015 4 18
2015_4_19.seed 2015 4 19
2015_4_20.seed 2015 4 20
2015_4_21.seed 2015 4 21
2015_4_22.seed 2015 4 22
2015_4_23.seed 2015 4 23
2015_4_24.seed 2015 4 24
2015_4_25.seed 2015 4 25
2015_4_26.seed 2015 4 26
2015_4_27.seed 2015 4 27
2015_4_28.seed 2015 4 28
2015_4_29.seed 2015 4 29
2015_4_30.seed 2015 4 30
2015_5_1.seed 2015 5 1
2015_5_2.seed 2015 5 2
2015_5_3.seed 2015 5 3
2015_5_4.seed 2015 5 4
2015_5_5.seed 2015 5 5
2015_5_6.seed 2015 5 6
2015_5_7.seed 2015 5 7
2015_5_8.seed 2015 5 8
2015_5_9.seed 2015 5 9
2015_5_10.seed 2015 5 10
2015_5_11.seed 2015 5 11
2015_5_12.seed 2015 5 12
2015_5_13.seed 2015 5 13
2015_5_14.seed 2015 5 14
2015_5_15.seed 2015 5 15
2015_5_16.seed 2015 5 16
2015_5_17.seed 2015 5 17
2015_5_18.seed 2015 5 18
2015_5_19.seed 2015 5 19
2015_5_20.seed 2015 5 20
2015_5_21.seed 2015 5 21
2015_5_22.seed 2015 5 22
2015_5_23.seed 2015 5 23
2015_5_24.seed 2015 5 24
2015_5_25.seed 2015 5 25
2015_5_26.seed 2015 5 26
2015_5_27.seed 2015 5 27
2015_5_28.seed 2015 5 28
2015_5_29.seed 2015 5 29
2015_5_30.seed 2015 5 30
2015_5_31.seed 2015 5 31
2015_6_1.seed 2015 6 1
2015_6_2.seed 2015 6 2
2015_6_3.seed 2015 6 3
2015_6_4.seed 2015 6 4
2015_6_5.seed 2015 6 5
2015_6_6.seed 2015 6 6
2015_6_7.seed 2015 6 7
2015_6_8.seed 2015 6 8
2015_6_9.seed 2015 6 9
2015_6_10.seed 2015 6 10
2015_6_11.seed 2015 6 11
2015_6_12.seed 2015 6 12
2015_6_13.seed 2015 6 13
2015_6_14.seed 2015 6 14
2015_6_15.seed 2015 6 15
2015_6_16.seed 2015 6 16
2015_6_17.seed 2015 6 17
2015_6_18.seed 2015 6 18
2015_6_19.seed 2015 6 19
2015_6_20.seed 2015 6 20
2015_6_21.seed 2015 6 21
2015_6_22.seed 2015 6 22
2015_6_23.seed 2015 6 23
2015_6_24.seed 2015 6 24
2015_6_25.seed 2015 6 25
2015_6_26.seed 2015 6 26
2015_6_27.seed 2015 6 27
2015_6_28.seed 2015 6 28
2015_6_29.seed 2015 6 29
2015_6_30.seed 2015 6 30
2015_7_1.seed 2015 7 1
2015_7_2.seed 2015 7 2
2015_7_3.seed 2015 7 3
2015_7_4.seed 2015 7 4
2015_7_5.seed 2015 7 5
2015_7_6.seed 2015 7 6
2015_7_7.seed 2015 7 7
2015_7_8.seed 2015 7 8
2015_7_9.seed 2015 7 9
2015_7_10.seed 2015 7 10
2015_7_11.seed 2015 7 11
2015_7_12.seed 2015 7 12
2015_7_13.seed 2015 7 13
2015_7_14.seed 2015 7 14
2015_7_15.seed 2015 7 15
2015_7_16.seed 2015 7 16
2015_7_17.seed 2015 7 17
2015_7_18.seed 2015 7 18
2015_7_19.seed 2015 7 19
2015_7_20.seed 2015 7 20
2015_7_21.seed 2015 7 21
2015_7_22.seed 2015 7 22
2015_7_23.seed 2015 7 23
2015_7_24.seed 2015 7 24
2015_7_25.seed 2015 7 25
2015_7_26.seed 2015 7 26
2015_7_27.seed 2015 7 27
2015_7_28.seed 2015 7 28
2015_7_29.seed 2015 7 29
2015_7_30.seed 2015 7 30
2015_7_31.seed 2015 7 31
2015_8_1.seed 2015 8 1
2015_8_2.seed 2015 8 2
2015_8_3.seed 2015 8 3
2015_8_4.seed 2015 8 4
2015_8_5.seed 2015 8 5
2015_8_6.seed 2015 8 6
2015_8_7.seed 2015 8 7
2015_8_8.seed 2015 8 8
2015_8_9.seed 2015 8 9
2015_8_10.seed 2015 8 10
2015_8_11.seed 2015 8 11
2015_8_12.seed 2015 8 12
2015_8_13.seed 2015 8 13
2015_8_14.seed 2015 8 14
2015_8_15.seed 2015 8 15
2015_8_16.seed 2015 8 16
2015_8_17.seed 2015 8 17
2015_8_18.seed 2015 8 18
2015_8_19.seed 2015 8 19
2015_8_20.seed 2015 8 20
2015_8_21.seed 2015 8 21
2015_8_22.seed 2015 8 22
2015_8_23.seed 2015 8 23
2015_8_24.seed 2015 8 24
2015_8_25.seed 2015 8 25
2015_8_26.seed 2015 8 26
2015_8_27.seed 2015 8 27
2015_8_28.seed 2015 8 28
2015_8_29.seed 2015 8 29
2015_8_30.seed 2015 8 30
2015_8_31.seed 2015 8 31
2015_9_1.seed 2015 9 1
2015_9_2.seed 2015 9 2
2015_9_3.seed 2015 9 3
2015_9_4.seed 2015 9 4
2015_9_5.seed 2015 9 5
2015_9_6.seed 2015 9 6
2015_9_7.seed 2015 9 7
2015_9_8.seed 2015 9 8
2015_9_9.seed 2015 9 9
2015_9_10.seed 2015 9 10
2015_9_11.seed 2015 9 11
2015_9_12.seed 2015 9 12
2015_9_13.seed 2015 9 13
2015_9_14.seed 2015 9 14
2015_9_15.seed 2015 9 15
2015_9_16.seed 2015 9 16
2015_9_17.seed 2015 9 17
2015_9_18.seed 2015 9 18
2015_9_19.seed 2015 9 19
2015_9_20.seed 2015 9 20
2015_9_21.seed 2015 9 21
2015_9_22.seed 2015 9 22
2015_9_23.seed 2015 9 23
2015_9_24.seed 2015 9 24
2015_9_25.seed 2015 9 25
2015_9_26.seed 2015 9 26
2015_9_27.seed 2015 9 27
2015_9_28.seed 2015 9 28
2015_9_29.seed 2015 9 29
2015_9_30.seed 2015 9 30
2015_10_1.seed 2015 10 1
2015_10_2.seed 2015 10 2
2015_10_3.seed 2015 10 3
2015_10_4.seed 2015 10 4
2015_10_5.seed 2015 10 5
2015_10_6.seed 2015 10 6
2015_10_7.seed 2015 10 7
2015_10_8.seed 2015 10 8
2015_10_9.seed 2015 10 9
2015_10_10.seed 2015 10 10
2015_10_11.seed 2015 10 11
2015_10_12.seed 2015 10 12
2015_10_13.seed 2015 10 13
2015_10_14.seed 2015 10 14
2015_10_15.seed 2015 10 15
2015_10_16.seed 2015 10 16
2015_10_17.seed 2015 10 17
2015_10_18.seed 2015 10 18
2015_10_19.seed 2015 10 19
2015_10_20.seed 2015 10 20
2015_10_21.seed 2015 10 21
2015_10_22.seed 2015 10 22
2015_10_23.seed 2015 10 23
2015_10_24.seed 2015 10 24
2015_10_25.seed 2015 10 25
2015_10_26.seed 2015 10 26
2015_10_27.seed 2015 10 27
2015_10_28.seed 2015 10 28
2015_10_29.seed 2015 10 29
2015_10_30.seed 2015 10 30
2015_10_31.seed 2015 10 31
2015_11_1.seed 2015 11 1
2015_11_2.seed 2015 11 2
2015_11_3.seed 2015 11 3
2015_11_4.seed 2015 11 4
2015_11_5.seed 2015 11 5
2015_11_6.seed 2015 11 6
2015_11_7.seed 2015 11 7
2015_11_8.seed 2015 11 8
2015_11_9.seed 2015 11 9
2015_11_10.seed 2015 11 10
2015_11_11.seed 2015 11 11
2015_11_12.seed 2015 11 12
2015_11_13.seed 2015 11 13
2015_11_14.seed 2015 11 14
2015_11_15.seed 2015 11 15
2015_11_16.seed 2015 11 16
2015_11_17.seed 2015 11 17
2015_11_18.seed 2015 11 18
2015_11_19.seed 2015 11 19
2015_11_20.seed 2015 11 20
2015_11_21.seed 2015 11 21
2015_11_22.seed 2015 11 22
2015_11_23.seed 2015 11 23
2015_11_24.seed 2015 11 24
2015_11_25.seed 2015 11 25
2015_11_26.seed 2015 11 26
2015_11_27.seed 2015 11 27
2015_11_28.seed 2015 11 28
2015_11_29.seed 2015 11 29
2015_11_30.seed 2015 11 30
2015_12_1.seed 2015 12 1
2015_12_2.seed 2015 12 2
2015_12_3.seed 2015 12 3
2015_12_4.seed 2015 12 4
2015_12_5.seed 2015 12 5
2015_12_6.seed 2015 12 6
2015_12_7.seed 2015 12 7
2015_12_8.seed 2015 12 8
2015_12_9.seed 2015 12 9
2015_12_10.seed 2015 12 10
2015_12_11.seed 2015 12 11
2015_12_12.seed 2015 12 12
2015_12_13.seed 2015 12 13
2015_12_14.seed 2015 12 14
2015_12_15.seed 2015 12 15
2015_12_16.seed 2015 12 16
2015_12_17.seed 2015 12 17
2015_12_18.seed 2015 12 18
2015_12_19.seed 2015 12 19
2015_12_20.seed 2015 12 20
2015_12_21.seed 2015 12 21
2015_12_22.seed 2015 12 22
2015_12_23.seed 2015 12 23
2015_12_24.seed 2015 12 24
2015_12_25.seed 2015 12 25
2015_12_26.seed 2015 12 26
2015_12_27.seed 2015 12 27
2015_12_28.seed 2015 12 28
2015_12_29.seed 2015 12 29
2015_12_30.seed 2015 12 30
2015_12_31.seed 2015 12 31
